#
# A fatal error has been detected by the Java Runtime Environment:
#
#  EXCEPTION_ACCESS_VIOLATION (0xc0000005) at pc=0x000000005afef3f0, pid=4444, tid=8424
#
# JRE version: Java(TM) SE Runtime Environment (7.0_40-b43) (build 1.7.0_40-b43)
# Java VM: Java HotSpot(TM) 64-Bit Server VM (24.0-b56 mixed mode windows-amd64 compressed oops)
# Problematic frame:
# V  [jvm.dll+0x11f3f0]
#
# Failed to write core dump. Minidumps are not enabled by default on client versions of Windows
#
# If you would like to submit a bug report, please visit:
#   http://bugreport.sun.com/bugreport/crash.jsp
#

---------------  T H R E A D  ---------------

Current thread (0x000000000b603800):  JavaThread "AWT-EventQueue-0" [_thread_in_vm, id=8424, stack(0x000000000c550000,0x000000000c650000)]

siginfo: ExceptionCode=0xc0000005, reading address 0x0000000000000000

Registers:
RAX=0x0000000000000000, RBX=0x000000000b603800, RCX=0x0000000000000380, RDX=0x0000000000000000
RSP=0x000000000c64ca60, RBP=0x0000000000000003, RSI=0x000000009d4c7ee8, RDI=0x0000000000000000
R8 =0x0000000000000003, R9 =0x0000000000000000, R10=0x0000000002a53064, R11=0x000000005b0af7d0
R12=0x0000000000000000, R13=0x000000009d5a1cc0, R14=0x000000000c64cb80, R15=0x000000000b603800
RIP=0x000000005afef3f0, EFLAGS=0x0000000000010202

Top of Stack: (sp=0x000000000c64ca60)
0x000000000c64ca60:   000000000b4ebbc0 000000005af6e6a8
0x000000000c64ca70:   000000000c64d788 0000000009aab570
0x000000000c64ca80:   0000000000000000 00000001800017be
0x000000000c64ca90:   000000000b6039e8 0000000002a52f19
0x000000000c64caa0:   0000000009aab200 000000000b603800
0x000000000c64cab0:   000000009d5a1cc0 0000000009aab240
0x000000000c64cac0:   0000000002a463f0 0000000002a53090
0x000000000c64cad0:   0000000000000000 000000009d5a1cc0
0x000000000c64cae0:   000000000c64cb50 0000000009aab1e8
0x000000000c64caf0:   0000000009aab948 0000000d00000070
0x000000000c64cb00:   000000000b603800 000000000c64cc10
0x000000000c64cb10:   000000000c64cb10 000000009d5a1cc0
0x000000000c64cb20:   000000000c64cb80 000000009d5a2b78
0x000000000c64cb30:   0000000000000000 000000009d5a1cc0
0x000000000c64cb40:   0000000000000000 000000000c64cb70
0x000000000c64cb50:   000000000c64cbc8 0000000002a463f0 

Instructions: (pc=0x000000005afef3f0)
0x000000005afef3d0:   a9 00 00 00 30 74 08 48 8b cb e8 d1 44 0d 00 c7
0x000000005afef3e0:   83 60 02 00 00 06 00 00 00 80 3d 48 b8 62 00 00
0x000000005afef3f0:   48 8b 0f b8 10 00 00 00 ba 0c 00 00 00 0f 45 c2
0x000000005afef400:   48 98 8b 3c 08 c7 83 60 02 00 00 07 00 00 00 83 


Register to memory mapping:

RAX=0x0000000000000000 is an unknown value
RBX=0x000000000b603800 is a thread
RCX=0x0000000000000380 is an unknown value
RDX=0x0000000000000000 is an unknown value
RSP=0x000000000c64ca60 is pointing into the stack for thread: 0x000000000b603800
RBP=0x0000000000000003 is an unknown value
RSI=0x000000009d4c7ee8 is an oop
{instance class} 
 - klass: {other class}
RDI=0x0000000000000000 is an unknown value
R8 =0x0000000000000003 is an unknown value
R9 =0x0000000000000000 is an unknown value
R10=0x0000000002a53064 is at code_begin+644 in an Interpreter codelet
method entry point (kind = native)  [0x0000000002a52de0, 0x0000000002a53680]  2208 bytes
R11=0x000000005b0af7d0 is an unknown value
R12=0x0000000000000000 is an unknown value
R13=0x000000009d5a1cc0 is an oop
{method} 
 - klass: {other class}
R14=0x000000000c64cb80 is pointing into the stack for thread: 0x000000000b603800
R15=0x000000000b603800 is a thread


Stack: [0x000000000c550000,0x000000000c650000],  sp=0x000000000c64ca60,  free space=1010k
Native frames: (J=compiled Java code, j=interpreted, Vv=VM code, C=native code)
V  [jvm.dll+0x11f3f0]

Java frames: (J=compiled Java code, j=interpreted, Vv=VM code)
j  com.Futronic.ScanApiHelper.Scanner.GetImage2(I[B)Z+0
j  GUI.fingerprint.btnGetFrameActionPerformed(Ljava/awt/event/ActionEvent;)V+370
j  GUI.fingerprint.access$200(LGUI/fingerprint;Ljava/awt/event/ActionEvent;)V+2
j  GUI.fingerprint$3.actionPerformed(Ljava/awt/event/ActionEvent;)V+5
j  javax.swing.AbstractButton.fireActionPerformed(Ljava/awt/event/ActionEvent;)V+84
j  javax.swing.AbstractButton$Handler.actionPerformed(Ljava/awt/event/ActionEvent;)V+5
j  javax.swing.DefaultButtonModel.fireActionPerformed(Ljava/awt/event/ActionEvent;)V+35
j  javax.swing.DefaultButtonModel.setPressed(Z)V+117
j  javax.swing.plaf.basic.BasicButtonListener.mouseReleased(Ljava/awt/event/MouseEvent;)V+35
j  java.awt.Component.processMouseEvent(Ljava/awt/event/MouseEvent;)V+64
j  javax.swing.JComponent.processMouseEvent(Ljava/awt/event/MouseEvent;)V+23
j  java.awt.Component.processEvent(Ljava/awt/AWTEvent;)V+81
j  java.awt.Container.processEvent(Ljava/awt/AWTEvent;)V+18
j  java.awt.Component.dispatchEventImpl(Ljava/awt/AWTEvent;)V+581
j  java.awt.Container.dispatchEventImpl(Ljava/awt/AWTEvent;)V+42
j  java.awt.Component.dispatchEvent(Ljava/awt/AWTEvent;)V+2
j  java.awt.LightweightDispatcher.retargetMouseEvent(Ljava/awt/Component;ILjava/awt/event/MouseEvent;)V+327
j  java.awt.LightweightDispatcher.processMouseEvent(Ljava/awt/event/MouseEvent;)Z+139
j  java.awt.LightweightDispatcher.dispatchEvent(Ljava/awt/AWTEvent;)Z+50
j  java.awt.Container.dispatchEventImpl(Ljava/awt/AWTEvent;)V+12
j  java.awt.Window.dispatchEventImpl(Ljava/awt/AWTEvent;)V+19
j  java.awt.Component.dispatchEvent(Ljava/awt/AWTEvent;)V+2
j  java.awt.EventQueue.dispatchEventImpl(Ljava/awt/AWTEvent;Ljava/lang/Object;)V+41
j  java.awt.EventQueue.access$200(Ljava/awt/EventQueue;Ljava/awt/AWTEvent;Ljava/lang/Object;)V+3
j  java.awt.EventQueue$3.run()Ljava/lang/Void;+12
j  java.awt.EventQueue$3.run()Ljava/lang/Object;+1
v  ~StubRoutines::call_stub
j  java.security.AccessController.doPrivileged(Ljava/security/PrivilegedAction;Ljava/security/AccessControlContext;)Ljava/lang/Object;+0
j  java.security.ProtectionDomain$1.doIntersectionPrivilege(Ljava/security/PrivilegedAction;Ljava/security/AccessControlContext;Ljava/security/AccessControlContext;)Ljava/lang/Object;+28
j  java.security.ProtectionDomain$1.doIntersectionPrivilege(Ljava/security/PrivilegedAction;Ljava/security/AccessControlContext;)Ljava/lang/Object;+6
j  java.awt.EventQueue$4.run()Ljava/lang/Void;+11
j  java.awt.EventQueue$4.run()Ljava/lang/Object;+1
v  ~StubRoutines::call_stub
j  java.security.AccessController.doPrivileged(Ljava/security/PrivilegedAction;Ljava/security/AccessControlContext;)Ljava/lang/Object;+0
j  java.security.ProtectionDomain$1.doIntersectionPrivilege(Ljava/security/PrivilegedAction;Ljava/security/AccessControlContext;Ljava/security/AccessControlContext;)Ljava/lang/Object;+28
j  java.awt.EventQueue.dispatchEvent(Ljava/awt/AWTEvent;)V+73
j  java.awt.EventDispatchThread.pumpOneEventForFilters(I)V+245
j  java.awt.EventDispatchThread.pumpEventsForFilter(ILjava/awt/Conditional;Ljava/awt/EventFilter;)V+35
j  java.awt.EventDispatchThread.pumpEventsForHierarchy(ILjava/awt/Conditional;Ljava/awt/Component;)V+11
j  java.awt.EventDispatchThread.pumpEvents(ILjava/awt/Conditional;)V+4
j  java.awt.EventDispatchThread.pumpEvents(Ljava/awt/Conditional;)V+3
j  java.awt.EventDispatchThread.run()V+9
v  ~StubRoutines::call_stub

---------------  P R O C E S S  ---------------

Java Threads: ( => current thread )
  0x000000000cbb6800 JavaThread "TimerQueue" daemon [_thread_blocked, id=8660, stack(0x000000000e300000,0x000000000e400000)]
  0x000000000cbf8800 JavaThread "Abandoned connection cleanup thread" daemon [_thread_blocked, id=8384, stack(0x000000000e200000,0x000000000e300000)]
  0x0000000002940800 JavaThread "DestroyJavaVM" [_thread_blocked, id=6408, stack(0x0000000002840000,0x0000000002940000)]
=>0x000000000b603800 JavaThread "AWT-EventQueue-0" [_thread_in_vm, id=8424, stack(0x000000000c550000,0x000000000c650000)]
  0x000000000b564000 JavaThread "AWT-Windows" daemon [_thread_in_native, id=4836, stack(0x000000000be20000,0x000000000bf20000)]
  0x000000000b563000 JavaThread "AWT-Shutdown" [_thread_blocked, id=1312, stack(0x000000000bd20000,0x000000000be20000)]
  0x000000000b562800 JavaThread "Java2D Disposer" daemon [_thread_blocked, id=6008, stack(0x000000000bc20000,0x000000000bd20000)]
  0x0000000009aa9800 JavaThread "Service Thread" daemon [_thread_blocked, id=6344, stack(0x000000000b220000,0x000000000b320000)]
  0x0000000009aa6800 JavaThread "C2 CompilerThread1" daemon [_thread_blocked, id=8588, stack(0x000000000b120000,0x000000000b220000)]
  0x0000000009aa4800 JavaThread "C2 CompilerThread0" daemon [_thread_blocked, id=6540, stack(0x000000000b020000,0x000000000b120000)]
  0x0000000009aa3800 JavaThread "Attach Listener" daemon [_thread_blocked, id=6216, stack(0x000000000af20000,0x000000000b020000)]
  0x0000000009a9e800 JavaThread "Signal Dispatcher" daemon [_thread_blocked, id=4560, stack(0x000000000ae20000,0x000000000af20000)]
  0x0000000009a69800 JavaThread "Finalizer" daemon [_thread_blocked, id=4884, stack(0x000000000ad20000,0x000000000ae20000)]
  0x0000000009a64000 JavaThread "Reference Handler" daemon [_thread_blocked, id=7532, stack(0x000000000ac20000,0x000000000ad20000)]

Other Threads:
  0x0000000009a61000 VMThread [stack: 0x000000000ab20000,0x000000000ac20000] [id=1284]
  0x0000000009abf800 WatcherThread [stack: 0x000000000b320000,0x000000000b420000] [id=1496]

VM state:not at safepoint (normal execution)

VM Mutex/Monitor currently owned by a thread: None

Heap
 PSYoungGen      total 53248K, used 23061K [0x00000000e0400000, 0x00000000e6c00000, 0x0000000100000000)
  eden space 49152K, 38% used [0x00000000e0400000,0x00000000e1689bc0,0x00000000e3400000)
  from space 4096K, 99% used [0x00000000e3400000,0x00000000e37fbc30,0x00000000e3800000)
  to   space 4096K, 0% used [0x00000000e6800000,0x00000000e6800000,0x00000000e6c00000)
 ParOldGen       total 65024K, used 24414K [0x00000000a0c00000, 0x00000000a4b80000, 0x00000000e0400000)
  object space 65024K, 37% used [0x00000000a0c00000,0x00000000a23d7a00,0x00000000a4b80000)
 PSPermGen       total 29184K, used 28856K [0x000000009ba00000, 0x000000009d680000, 0x00000000a0c00000)
  object space 29184K, 98% used [0x000000009ba00000,0x000000009d62e308,0x000000009d680000)

Card table byte_map: [0x0000000005a40000,0x0000000005d70000] byte_map_base: 0x0000000005563000

Polling page: 0x0000000002730000

Code Cache  [0x0000000002a40000, 0x0000000002cb0000, 0x0000000005a40000)
 total_blobs=712 nmethods=178 adapters=486 free_code_cache=48225Kb largest_free_block=49345600

Compilation events (10 events):
Event: 6.776 Thread 0x0000000009aa6800 nmethod 172 0x0000000002b2a590 code [0x0000000002b2a720, 0x0000000002b2aa98]
Event: 6.784 Thread 0x0000000009aa4800 nmethod 174 0x0000000002b28a90 code [0x0000000002b28c20, 0x0000000002b29278]
Event: 7.381 Thread 0x0000000009aa6800  175             sun.java2d.loops.SurfaceType::getUniqueID (5 bytes)
Event: 7.381 Thread 0x0000000009aa6800 nmethod 175 0x0000000002aa0650 code [0x0000000002aa0780, 0x0000000002aa07d8]
Event: 7.386 Thread 0x0000000009aa4800  176             javax.swing.SwingUtilities::appContextGet (8 bytes)
Event: 7.387 Thread 0x0000000009aa4800 nmethod 176 0x0000000002aa0250 code [0x0000000002aa03c0, 0x0000000002aa04d8]
Event: 7.536 Thread 0x0000000009aa6800  178   !         javax.swing.UIManager::getLAFState (62 bytes)
Event: 7.538 Thread 0x0000000009aa6800 nmethod 178 0x0000000002b26650 code [0x0000000002b267c0, 0x0000000002b268f8]
Event: 7.542 Thread 0x0000000009aa4800  179  s          sun.java2d.loops.GraphicsPrimitiveMgr::locatePrim (96 bytes)
Event: 7.561 Thread 0x0000000009aa4800 nmethod 179 0x0000000002b2f1d0 code [0x0000000002b2f3a0, 0x0000000002b30138]

GC Heap History (6 events):
Event: 0.759 GC heap before
{Heap before GC invocations=1 (full 0):
 PSYoungGen      total 28672K, used 24576K [0x00000000e0400000, 0x00000000e2400000, 0x0000000100000000)
  eden space 24576K, 100% used [0x00000000e0400000,0x00000000e1c00000,0x00000000e1c00000)
  from space 4096K, 0% used [0x00000000e2000000,0x00000000e2000000,0x00000000e2400000)
  to   space 4096K, 0% used [0x00000000e1c00000,0x00000000e1c00000,0x00000000e2000000)
 ParOldGen       total 65024K, used 0K [0x00000000a0c00000, 0x00000000a4b80000, 0x00000000e0400000)
  object space 65024K, 0% used [0x00000000a0c00000,0x00000000a0c00000,0x00000000a4b80000)
 PSPermGen       total 21504K, used 16458K [0x000000009ba00000, 0x000000009cf00000, 0x00000000a0c00000)
  object space 21504K, 76% used [0x000000009ba00000,0x000000009ca12bc0,0x000000009cf00000)
Event: 0.768 GC heap after
Heap after GC invocations=1 (full 0):
 PSYoungGen      total 28672K, used 4092K [0x00000000e0400000, 0x00000000e3c00000, 0x0000000100000000)
  eden space 24576K, 0% used [0x00000000e0400000,0x00000000e0400000,0x00000000e1c00000)
  from space 4096K, 99% used [0x00000000e1c00000,0x00000000e1fff2f0,0x00000000e2000000)
  to   space 4096K, 0% used [0x00000000e3800000,0x00000000e3800000,0x00000000e3c00000)
 ParOldGen       total 65024K, used 2535K [0x00000000a0c00000, 0x00000000a4b80000, 0x00000000e0400000)
  object space 65024K, 3% used [0x00000000a0c00000,0x00000000a0e79dc8,0x00000000a4b80000)
 PSPermGen       total 21504K, used 16458K [0x000000009ba00000, 0x000000009cf00000, 0x00000000a0c00000)
  object space 21504K, 76% used [0x000000009ba00000,0x000000009ca12bc0,0x000000009cf00000)
}
Event: 1.225 GC heap before
{Heap before GC invocations=2 (full 0):
 PSYoungGen      total 28672K, used 28668K [0x00000000e0400000, 0x00000000e3c00000, 0x0000000100000000)
  eden space 24576K, 100% used [0x00000000e0400000,0x00000000e1c00000,0x00000000e1c00000)
  from space 4096K, 99% used [0x00000000e1c00000,0x00000000e1fff2f0,0x00000000e2000000)
  to   space 4096K, 0% used [0x00000000e3800000,0x00000000e3800000,0x00000000e3c00000)
 ParOldGen       total 65024K, used 2535K [0x00000000a0c00000, 0x00000000a4b80000, 0x00000000e0400000)
  object space 65024K, 3% used [0x00000000a0c00000,0x00000000a0e79dc8,0x00000000a4b80000)
 PSPermGen       total 21504K, used 19856K [0x000000009ba00000, 0x000000009cf00000, 0x00000000a0c00000)
  object space 21504K, 92% used [0x000000009ba00000,0x000000009cd64100,0x000000009cf00000)
Event: 1.236 GC heap after
Heap after GC invocations=2 (full 0):
 PSYoungGen      total 53248K, used 4069K [0x00000000e0400000, 0x00000000e3c00000, 0x0000000100000000)
  eden space 49152K, 0% used [0x00000000e0400000,0x00000000e0400000,0x00000000e3400000)
  from space 4096K, 99% used [0x00000000e3800000,0x00000000e3bf9758,0x00000000e3c00000)
  to   space 4096K, 0% used [0x00000000e3400000,0x00000000e3400000,0x00000000e3800000)
 ParOldGen       total 65024K, used 6853K [0x00000000a0c00000, 0x00000000a4b80000, 0x00000000e0400000)
  object space 65024K, 10% used [0x00000000a0c00000,0x00000000a12b1610,0x00000000a4b80000)
 PSPermGen       total 21504K, used 19856K [0x000000009ba00000, 0x000000009cf00000, 0x00000000a0c00000)
  object space 21504K, 92% used [0x000000009ba00000,0x000000009cd64100,0x000000009cf00000)
}
Event: 1.684 GC heap before
{Heap before GC invocations=3 (full 0):
 PSYoungGen      total 53248K, used 53221K [0x00000000e0400000, 0x00000000e3c00000, 0x0000000100000000)
  eden space 49152K, 100% used [0x00000000e0400000,0x00000000e3400000,0x00000000e3400000)
  from space 4096K, 99% used [0x00000000e3800000,0x00000000e3bf9758,0x00000000e3c00000)
  to   space 4096K, 0% used [0x00000000e3400000,0x00000000e3400000,0x00000000e3800000)
 ParOldGen       total 65024K, used 6853K [0x00000000a0c00000, 0x00000000a4b80000, 0x00000000e0400000)
  object space 65024K, 10% used [0x00000000a0c00000,0x00000000a12b1610,0x00000000a4b80000)
 PSPermGen       total 21504K, used 21135K [0x000000009ba00000, 0x000000009cf00000, 0x00000000a0c00000)
  object space 21504K, 98% used [0x000000009ba00000,0x000000009cea3ec0,0x000000009cf00000)
Event: 1.702 GC heap after
Heap after GC invocations=3 (full 0):
 PSYoungGen      total 53248K, used 4079K [0x00000000e0400000, 0x00000000e6c00000, 0x0000000100000000)
  eden space 49152K, 0% used [0x00000000e0400000,0x00000000e0400000,0x00000000e3400000)
  from space 4096K, 99% used [0x00000000e3400000,0x00000000e37fbc30,0x00000000e3800000)
  to   space 4096K, 0% used [0x00000000e6800000,0x00000000e6800000,0x00000000e6c00000)
 ParOldGen       total 65024K, used 24414K [0x00000000a0c00000, 0x00000000a4b80000, 0x00000000e0400000)
  object space 65024K, 37% used [0x00000000a0c00000,0x00000000a23d7a00,0x00000000a4b80000)
 PSPermGen       total 21504K, used 21135K [0x000000009ba00000, 0x000000009cf00000, 0x00000000a0c00000)
  object space 21504K, 98% used [0x000000009ba00000,0x000000009cea3ec0,0x000000009cf00000)
}

Deoptimization events (10 events):
Event: 1.594 Thread 0x000000000b603800 Uncommon trap: reason=class_check action=maybe_recompile pc=0x0000000002ac6fc8 method=java.util.Properties$LineReader.readLine()I @ 62
Event: 1.764 Thread 0x000000000b603800 Uncommon trap: reason=bimorphic action=maybe_recompile pc=0x0000000002af38a8 method=java.io.BufferedInputStream.read1([BII)I @ 39
Event: 1.764 Thread 0x000000000b603800 Uncommon trap: reason=bimorphic action=maybe_recompile pc=0x0000000002af38a8 method=java.io.BufferedInputStream.read1([BII)I @ 39
Event: 1.844 Thread 0x000000000b603800 Uncommon trap: reason=class_check action=maybe_recompile pc=0x0000000002ae1294 method=java.util.HashMap.put(Ljava/lang/Object;Ljava/lang/Object;)Ljava/lang/Object; @ 83
Event: 2.102 Thread 0x000000000b603800 Uncommon trap: reason=class_check action=maybe_recompile pc=0x0000000002ae1294 method=java.util.HashMap.put(Ljava/lang/Object;Ljava/lang/Object;)Ljava/lang/Object; @ 83
Event: 2.107 Thread 0x000000000b603800 Uncommon trap: reason=unreached action=reinterpret pc=0x0000000002acaf74 method=java.util.HashMap.get(Ljava/lang/Object;)Ljava/lang/Object; @ 1
Event: 2.303 Thread 0x000000000b603800 Uncommon trap: reason=class_check action=maybe_recompile pc=0x0000000002ab2858 method=java.lang.String.equals(Ljava/lang/Object;)Z @ 8
Event: 2.305 Thread 0x000000000b603800 Uncommon trap: reason=class_check action=maybe_recompile pc=0x0000000002ab2858 method=java.lang.String.equals(Ljava/lang/Object;)Z @ 8
Event: 2.362 Thread 0x000000000b603800 Uncommon trap: reason=class_check action=maybe_recompile pc=0x0000000002ab2858 method=java.lang.String.equals(Ljava/lang/Object;)Z @ 8
Event: 2.363 Thread 0x000000000b603800 Uncommon trap: reason=class_check action=maybe_recompile pc=0x0000000002ab2858 method=java.lang.String.equals(Ljava/lang/Object;)Z @ 8

Internal exceptions (10 events):
Event: 2.214 Thread 0x000000000b603800 Threw 0x00000000e11352d8 at C:\jdk7u2_64p\jdk7u40\hotspot\src\share\vm\prims\jvm.cpp:1244
Event: 2.215 Thread 0x000000000b603800 Threw 0x00000000e11382d0 at C:\jdk7u2_64p\jdk7u40\hotspot\src\share\vm\prims\jvm.cpp:1244
Event: 2.215 Thread 0x000000000b603800 Threw 0x00000000e113a900 at C:\jdk7u2_64p\jdk7u40\hotspot\src\share\vm\prims\jvm.cpp:1244
Event: 2.216 Thread 0x000000000b603800 Threw 0x00000000e113ddd8 at C:\jdk7u2_64p\jdk7u40\hotspot\src\share\vm\prims\jvm.cpp:1244
Event: 2.216 Thread 0x000000000b603800 Threw 0x00000000e1142980 at C:\jdk7u2_64p\jdk7u40\hotspot\src\share\vm\prims\jvm.cpp:1244
Event: 2.216 Thread 0x000000000b603800 Threw 0x00000000e11452b8 at C:\jdk7u2_64p\jdk7u40\hotspot\src\share\vm\prims\jvm.cpp:1244
Event: 2.237 Thread 0x000000000b603800 Threw 0x00000000e115b688 at C:\jdk7u2_64p\jdk7u40\hotspot\src\share\vm\prims\jvm.cpp:1244
Event: 2.238 Thread 0x000000000b603800 Threw 0x00000000e115d690 at C:\jdk7u2_64p\jdk7u40\hotspot\src\share\vm\prims\jvm.cpp:1244
Event: 2.308 Thread 0x000000000b603800 Threw 0x00000000e12a8d78 at C:\jdk7u2_64p\jdk7u40\hotspot\src\share\vm\prims\jvm.cpp:1244
Event: 2.311 Thread 0x000000000b603800 Threw 0x00000000e12ada50 at C:\jdk7u2_64p\jdk7u40\hotspot\src\share\vm\prims\jvm.cpp:1244

Events (10 events):
Event: 7.880 loading class 0x000000000b4a9be0
Event: 7.880 loading class 0x000000000b4a9be0 done
Event: 7.880 loading class 0x000000000b4a9bb0
Event: 7.880 loading class 0x000000000b4a9bb0 done
Event: 7.880 loading class 0x000000000b4a9d20
Event: 7.880 loading class 0x000000000b4b07c0
Event: 7.880 loading class 0x000000000b4b07c0 done
Event: 7.880 loading class 0x000000000cc6bd00
Event: 7.880 loading class 0x000000000cc6bd00 done
Event: 7.880 loading class 0x000000000b4a9d20 done


Dynamic libraries:
0x000007f7f7a50000 - 0x000007f7f7a83000 	C:\Program Files\Java\jdk1.7.0_40\bin\java.exe
0x000007fc2d810000 - 0x000007fc2d9d0000 	C:\Windows\SYSTEM32\ntdll.dll
0x000007fc2d6d0000 - 0x000007fc2d806000 	C:\Windows\system32\KERNEL32.DLL
0x000007fc2aa70000 - 0x000007fc2ab63000 	C:\Windows\system32\KERNELBASE.dll
0x000007fc2d260000 - 0x000007fc2d33e000 	C:\Windows\system32\ADVAPI32.dll
0x000007fc2adb0000 - 0x000007fc2aefc000 	C:\Windows\system32\USER32.dll
0x000007fc28360000 - 0x000007fc285ca000 	C:\Windows\WinSxS\amd64_microsoft.windows.common-controls_6595b64144ccf1df_6.0.9200.16579_none_418ab7ef718b27ef\COMCTL32.dll
0x000007fc2c890000 - 0x000007fc2c935000 	C:\Windows\system32\msvcrt.dll
0x000007fc2ad60000 - 0x000007fc2ada8000 	C:\Windows\SYSTEM32\sechost.dll
0x000007fc2c940000 - 0x000007fc2ca85000 	C:\Windows\system32\RPCRT4.dll
0x000007fc2d3f0000 - 0x000007fc2d531000 	C:\Windows\system32\GDI32.dll
0x000007fc2cc90000 - 0x000007fc2ccc9000 	C:\Windows\system32\IMM32.DLL
0x000007fc2c200000 - 0x000007fc2c316000 	C:\Windows\system32\MSCTF.dll
0x000000005c930000 - 0x000000005ca01000 	C:\Program Files\Java\jdk1.7.0_40\jre\bin\msvcr100.dll
0x000000005aed0000 - 0x000000005b699000 	C:\Program Files\Java\jdk1.7.0_40\jre\bin\server\jvm.dll
0x000007fc23200000 - 0x000007fc23209000 	C:\Windows\SYSTEM32\WSOCK32.dll
0x000007fc27cb0000 - 0x000007fc27cd0000 	C:\Windows\SYSTEM32\WINMM.dll
0x000007fc2d6c0000 - 0x000007fc2d6c7000 	C:\Windows\system32\PSAPI.DLL
0x000007fc2c320000 - 0x000007fc2c378000 	C:\Windows\system32\WS2_32.dll
0x000007fc27c70000 - 0x000007fc27ca3000 	C:\Windows\SYSTEM32\WINMMBASE.dll
0x000007fc2c6e0000 - 0x000007fc2c6e9000 	C:\Windows\system32\NSI.dll
0x000007fc2a790000 - 0x000007fc2a7df000 	C:\Windows\SYSTEM32\cfgmgr32.dll
0x000007fc2abd0000 - 0x000007fc2abf2000 	C:\Windows\system32\DEVOBJ.dll
0x000000005c8e0000 - 0x000000005c8ef000 	C:\Program Files\Java\jdk1.7.0_40\jre\bin\verify.dll
0x000000005c8b0000 - 0x000000005c8d8000 	C:\Program Files\Java\jdk1.7.0_40\jre\bin\java.dll
0x000000005c890000 - 0x000000005c8a5000 	C:\Program Files\Java\jdk1.7.0_40\jre\bin\zip.dll
0x000000005ad30000 - 0x000000005aec5000 	C:\Program Files\Java\jdk1.7.0_40\jre\bin\awt.dll
0x000007fc2c610000 - 0x000007fc2c6d3000 	C:\Windows\system32\OLEAUT32.dll
0x000007fc2cae0000 - 0x000007fc2cc90000 	C:\Windows\system32\combase.dll
0x000007fc24380000 - 0x000007fc2441f000 	C:\Windows\system32\apphelp.dll
0x000007fc29590000 - 0x000007fc29676000 	C:\Windows\system32\uxtheme.dll
0x000007fc28c60000 - 0x000007fc28c81000 	C:\Windows\SYSTEM32\dwmapi.dll
0x000007fc2d540000 - 0x000007fc2d6be000 	C:\Windows\system32\ole32.dll
0x000007fc2a500000 - 0x000007fc2a50a000 	C:\Windows\SYSTEM32\CRYPTBASE.dll
0x000007fc2a4a0000 - 0x000007fc2a4fc000 	C:\Windows\SYSTEM32\bcryptPrimitives.dll
0x000007fc2af00000 - 0x000007fc2c1df000 	C:\Windows\system32\SHELL32.dll
0x000007fc2ca90000 - 0x000007fc2cae0000 	C:\Windows\system32\SHLWAPI.dll
0x000007fc28e50000 - 0x000007fc28ee5000 	C:\Windows\SYSTEM32\shcore.dll
0x000000005acf0000 - 0x000000005ad2f000 	C:\Program Files\Java\jdk1.7.0_40\jre\bin\fontmanager.dll
0x000000005c870000 - 0x000000005c889000 	C:\Program Files\Java\jdk1.7.0_40\jre\bin\net.dll
0x000007fc29f10000 - 0x000007fc29f6c000 	C:\Windows\system32\mswsock.dll
0x000000005b6f0000 - 0x000000005b701000 	C:\Program Files\Java\jdk1.7.0_40\jre\bin\nio.dll
0x000000005ac40000 - 0x000000005ac64000 	C:\Program Files\Java\jdk1.7.0_40\jre\bin\sunec.dll
0x000007fc23ad0000 - 0x000007fc23ae4000 	C:\Windows\system32\napinsp.dll
0x000007fc23450000 - 0x000007fc23468000 	C:\Windows\system32\pnrpnsp.dll
0x000007fc28120000 - 0x000007fc28136000 	C:\Windows\system32\NLAapi.dll
0x000007fc29d50000 - 0x000007fc29de8000 	C:\Windows\SYSTEM32\DNSAPI.dll
0x000007fc22660000 - 0x000007fc22672000 	C:\Windows\System32\winrnr.dll
0x000007fc1bd70000 - 0x000007fc1bd78000 	C:\Windows\System32\rasadhlp.dll
0x000007fc254b0000 - 0x000007fc254da000 	C:\Windows\SYSTEM32\IPHLPAPI.DLL
0x000007fc25490000 - 0x000007fc2549a000 	C:\Windows\SYSTEM32\WINNSI.DLL
0x000007fc25150000 - 0x000007fc251b1000 	C:\Windows\System32\fwpuclnt.dll
0x000000005aca0000 - 0x000000005ace1000 	C:\Program Files\Java\jdk1.7.0_40\jre\bin\t2k.dll
0x000007fc2d340000 - 0x000007fc2d3d6000 	C:\Windows\SYSTEM32\clbcatq.dll
0x000007fc28810000 - 0x000007fc289a3000 	C:\Windows\SYSTEM32\WindowsCodecs.dll
0x000007fc2a6c0000 - 0x000007fc2a6d5000 	C:\Windows\SYSTEM32\profapi.dll
0x0000000180000000 - 0x0000000180008000 	C:\Windows\System32\ftrJavaScanAPI.dll
0x000007fc1e750000 - 0x000007fc1e81b000 	C:\Windows\SYSTEM32\ftrScanAPI.dll
0x000000005c7a0000 - 0x000000005c869000 	C:\Windows\WinSxS\amd64_microsoft.vc80.crt_1fc8b3b9a1e18e3b_8.0.50727.6910_none_88dc8c812fb1ba3f\MSVCR80.dll
0x000007fc2cd40000 - 0x000007fc2cf10000 	C:\Windows\system32\SETUPAPI.dll
0x000000005ac70000 - 0x000000005ac9a000 	C:\Program Files\Java\jdk1.7.0_40\jre\bin\dcpr.dll
0x000007fc2a5d0000 - 0x000007fc2a5e1000 	C:\Windows\SYSTEM32\Wtsapi32.dll
0x000007fc2a5f0000 - 0x000007fc2a63e000 	C:\Windows\SYSTEM32\WINSTA.dll
0x000007fc2ab70000 - 0x000007fc2abc5000 	C:\Windows\system32\WINTRUST.dll
0x000007fc2a890000 - 0x000007fc2aa61000 	C:\Windows\system32\CRYPT32.dll
0x000007fc2a770000 - 0x000007fc2a786000 	C:\Windows\system32\MSASN1.dll
0x000007fc23470000 - 0x000007fc235d3000 	C:\Windows\SYSTEM32\dbghelp.dll

VM Arguments:
jvm_args: -Dfile.encoding=UTF-8 
java_command: GUI.fingerprint
Launcher Type: SUN_STANDARD

Environment Variables:
CLASSPATH=.;C:\PROGRA~2\Griaule\FINGER~1\bin\GRFING~1.JAR
PATH=C:\Windows\System32;C:\Program Files (x86)\Neurotechnology\FFV SDK\bin;C:\Program Files (x86)\Neurotechnology\FFV SDK\bin\FPSmm;C:\Program Files (x86)\Neurotechnology\FreeFingerprintVerificationSDK 1.0\bin\Win32_x86;C:\PROGRA~2\Griaule\FINGER~1\bin;C:\fingerprint
USERNAME=Yepson
OS=Windows_NT
PROCESSOR_IDENTIFIER=Intel64 Family 6 Model 42 Stepping 7, GenuineIntel



---------------  S Y S T E M  ---------------

OS: Windows 8 , 64 bit Build 9200 

CPU:total 4 (2 cores per cpu, 2 threads per core) family 6 model 42 stepping 7, cmov, cx8, fxsr, mmx, sse, sse2, sse3, ssse3, sse4.1, sse4.2, popcnt, avx, aes, ht, tsc, tscinvbit

Memory: 4k page, physical 6238060k(2841420k free), swap 12529516k(7982044k free)

vm_info: Java HotSpot(TM) 64-Bit Server VM (24.0-b56) for windows-amd64 JRE (1.7.0_40-b43), built on Aug 26 2013 22:38:32 by "java_re" with unknown MS VC++:1600

time: Sun Apr 13 00:27:25 2014
elapsed time: 10 seconds

