#
# A fatal error has been detected by the Java Runtime Environment:
#
#  EXCEPTION_ACCESS_VIOLATION (0xc0000005) at pc=0x000000005afef3f0, pid=9036, tid=8556
#
# JRE version: Java(TM) SE Runtime Environment (7.0_40-b43) (build 1.7.0_40-b43)
# Java VM: Java HotSpot(TM) 64-Bit Server VM (24.0-b56 mixed mode windows-amd64 compressed oops)
# Problematic frame:
# V  [jvm.dll+0x11f3f0]
#
# Failed to write core dump. Minidumps are not enabled by default on client versions of Windows
#
# If you would like to submit a bug report, please visit:
#   http://bugreport.sun.com/bugreport/crash.jsp
#

---------------  T H R E A D  ---------------

Current thread (0x000000000ba1c800):  JavaThread "AWT-EventQueue-0" [_thread_in_vm, id=8556, stack(0x000000000c980000,0x000000000ca80000)]

siginfo: ExceptionCode=0xc0000005, reading address 0x0000000000000000

Registers:
RAX=0x0000000000000000, RBX=0x000000000ba1c800, RCX=0x0000000000000c80, RDX=0x0000000000000000
RSP=0x000000000ca7cb70, RBP=0x0000000000000003, RSI=0x000000009d4c8280, RDI=0x0000000000000000
R8 =0x0000000000000003, R9 =0x0000000000000000, R10=0x0000000002e03064, R11=0x000000005b0af7d0
R12=0x0000000000000000, R13=0x000000009d5a1e78, R14=0x000000000ca7cc90, R15=0x000000000ba1c800
RIP=0x000000005afef3f0, EFLAGS=0x0000000000010202

Top of Stack: (sp=0x000000000ca7cb70)
0x000000000ca7cb70:   000000000b8d3ff0 000000005af6e6a8
0x000000000ca7cb80:   000000000ca7d898 0000000009ecd760
0x000000000ca7cb90:   0000000000000000 00000001800017be
0x000000000ca7cba0:   000000000ba1c9e8 0000000002e02f19
0x000000000ca7cbb0:   0000000009ecdb00 000000000ba1c800
0x000000000ca7cbc0:   000000009d5a1e78 0000000009ecdc10
0x000000000ca7cbd0:   0000000002df63f0 0000000002e03090
0x000000000ca7cbe0:   0000000000000000 000000009d5a1e78
0x000000000ca7cbf0:   000000000ca7cc60 0000000009ecdbb8
0x000000000ca7cc00:   0000000009ecdb38 0000000d00000070
0x000000000ca7cc10:   000000000ba1c800 000000000ca7cd20
0x000000000ca7cc20:   000000000ca7cc20 000000009d5a1e78
0x000000000ca7cc30:   000000000ca7cc90 000000009d5a2d30
0x000000000ca7cc40:   0000000000000000 000000009d5a1e78
0x000000000ca7cc50:   0000000000000000 000000000ca7cc80
0x000000000ca7cc60:   000000000ca7ccd8 0000000002df63f0 

Instructions: (pc=0x000000005afef3f0)
0x000000005afef3d0:   a9 00 00 00 30 74 08 48 8b cb e8 d1 44 0d 00 c7
0x000000005afef3e0:   83 60 02 00 00 06 00 00 00 80 3d 48 b8 62 00 00
0x000000005afef3f0:   48 8b 0f b8 10 00 00 00 ba 0c 00 00 00 0f 45 c2
0x000000005afef400:   48 98 8b 3c 08 c7 83 60 02 00 00 07 00 00 00 83 


Register to memory mapping:

RAX=0x0000000000000000 is an unknown value
RBX=0x000000000ba1c800 is a thread
RCX=0x0000000000000c80 is an unknown value
RDX=0x0000000000000000 is an unknown value
RSP=0x000000000ca7cb70 is pointing into the stack for thread: 0x000000000ba1c800
RBP=0x0000000000000003 is an unknown value
RSI=0x000000009d4c8280 is an oop
{instance class} 
 - klass: {other class}
RDI=0x0000000000000000 is an unknown value
R8 =0x0000000000000003 is an unknown value
R9 =0x0000000000000000 is an unknown value
R10=0x0000000002e03064 is at code_begin+644 in an Interpreter codelet
method entry point (kind = native)  [0x0000000002e02de0, 0x0000000002e03680]  2208 bytes
R11=0x000000005b0af7d0 is an unknown value
R12=0x0000000000000000 is an unknown value
R13=0x000000009d5a1e78 is an oop
{method} 
 - klass: {other class}
R14=0x000000000ca7cc90 is pointing into the stack for thread: 0x000000000ba1c800
R15=0x000000000ba1c800 is a thread


Stack: [0x000000000c980000,0x000000000ca80000],  sp=0x000000000ca7cb70,  free space=1010k
Native frames: (J=compiled Java code, j=interpreted, Vv=VM code, C=native code)
V  [jvm.dll+0x11f3f0]

Java frames: (J=compiled Java code, j=interpreted, Vv=VM code)
j  com.Futronic.ScanApiHelper.Scanner.GetImage2(I[B)Z+0
j  GUI.fingerprint.btnGetFrameActionPerformed(Ljava/awt/event/ActionEvent;)V+370
j  GUI.fingerprint.access$200(LGUI/fingerprint;Ljava/awt/event/ActionEvent;)V+2
j  GUI.fingerprint$3.actionPerformed(Ljava/awt/event/ActionEvent;)V+5
j  javax.swing.AbstractButton.fireActionPerformed(Ljava/awt/event/ActionEvent;)V+84
j  javax.swing.AbstractButton$Handler.actionPerformed(Ljava/awt/event/ActionEvent;)V+5
j  javax.swing.DefaultButtonModel.fireActionPerformed(Ljava/awt/event/ActionEvent;)V+35
j  javax.swing.DefaultButtonModel.setPressed(Z)V+117
j  javax.swing.plaf.basic.BasicButtonListener.mouseReleased(Ljava/awt/event/MouseEvent;)V+35
j  java.awt.Component.processMouseEvent(Ljava/awt/event/MouseEvent;)V+64
j  javax.swing.JComponent.processMouseEvent(Ljava/awt/event/MouseEvent;)V+23
j  java.awt.Component.processEvent(Ljava/awt/AWTEvent;)V+81
j  java.awt.Container.processEvent(Ljava/awt/AWTEvent;)V+18
j  java.awt.Component.dispatchEventImpl(Ljava/awt/AWTEvent;)V+581
j  java.awt.Container.dispatchEventImpl(Ljava/awt/AWTEvent;)V+42
j  java.awt.Component.dispatchEvent(Ljava/awt/AWTEvent;)V+2
j  java.awt.LightweightDispatcher.retargetMouseEvent(Ljava/awt/Component;ILjava/awt/event/MouseEvent;)V+327
j  java.awt.LightweightDispatcher.processMouseEvent(Ljava/awt/event/MouseEvent;)Z+139
j  java.awt.LightweightDispatcher.dispatchEvent(Ljava/awt/AWTEvent;)Z+50
j  java.awt.Container.dispatchEventImpl(Ljava/awt/AWTEvent;)V+12
j  java.awt.Window.dispatchEventImpl(Ljava/awt/AWTEvent;)V+19
j  java.awt.Component.dispatchEvent(Ljava/awt/AWTEvent;)V+2
j  java.awt.EventQueue.dispatchEventImpl(Ljava/awt/AWTEvent;Ljava/lang/Object;)V+41
j  java.awt.EventQueue.access$200(Ljava/awt/EventQueue;Ljava/awt/AWTEvent;Ljava/lang/Object;)V+3
j  java.awt.EventQueue$3.run()Ljava/lang/Void;+12
j  java.awt.EventQueue$3.run()Ljava/lang/Object;+1
v  ~StubRoutines::call_stub
j  java.security.AccessController.doPrivileged(Ljava/security/PrivilegedAction;Ljava/security/AccessControlContext;)Ljava/lang/Object;+0
j  java.security.ProtectionDomain$1.doIntersectionPrivilege(Ljava/security/PrivilegedAction;Ljava/security/AccessControlContext;Ljava/security/AccessControlContext;)Ljava/lang/Object;+28
j  java.security.ProtectionDomain$1.doIntersectionPrivilege(Ljava/security/PrivilegedAction;Ljava/security/AccessControlContext;)Ljava/lang/Object;+6
j  java.awt.EventQueue$4.run()Ljava/lang/Void;+11
j  java.awt.EventQueue$4.run()Ljava/lang/Object;+1
v  ~StubRoutines::call_stub
j  java.security.AccessController.doPrivileged(Ljava/security/PrivilegedAction;Ljava/security/AccessControlContext;)Ljava/lang/Object;+0
j  java.security.ProtectionDomain$1.doIntersectionPrivilege(Ljava/security/PrivilegedAction;Ljava/security/AccessControlContext;Ljava/security/AccessControlContext;)Ljava/lang/Object;+28
j  java.awt.EventQueue.dispatchEvent(Ljava/awt/AWTEvent;)V+73
j  java.awt.EventDispatchThread.pumpOneEventForFilters(I)V+245
j  java.awt.EventDispatchThread.pumpEventsForFilter(ILjava/awt/Conditional;Ljava/awt/EventFilter;)V+35
j  java.awt.EventDispatchThread.pumpEventsForHierarchy(ILjava/awt/Conditional;Ljava/awt/Component;)V+11
j  java.awt.EventDispatchThread.pumpEvents(ILjava/awt/Conditional;)V+4
j  java.awt.EventDispatchThread.pumpEvents(Ljava/awt/Conditional;)V+3
j  java.awt.EventDispatchThread.run()V+9
v  ~StubRoutines::call_stub

---------------  P R O C E S S  ---------------

Java Threads: ( => current thread )
  0x000000000ce7e000 JavaThread "TimerQueue" daemon [_thread_blocked, id=7392, stack(0x000000000e730000,0x000000000e830000)]
  0x000000000d3a8800 JavaThread "Abandoned connection cleanup thread" daemon [_thread_blocked, id=2844, stack(0x000000000e630000,0x000000000e730000)]
  0x0000000002cf0800 JavaThread "DestroyJavaVM" [_thread_blocked, id=7844, stack(0x0000000002b80000,0x0000000002c80000)]
=>0x000000000ba1c800 JavaThread "AWT-EventQueue-0" [_thread_in_vm, id=8556, stack(0x000000000c980000,0x000000000ca80000)]
  0x000000000b985000 JavaThread "AWT-Windows" daemon [_thread_in_native, id=6692, stack(0x000000000c240000,0x000000000c340000)]
  0x000000000b984800 JavaThread "AWT-Shutdown" [_thread_blocked, id=8072, stack(0x000000000c140000,0x000000000c240000)]
  0x000000000b983800 JavaThread "Java2D Disposer" daemon [_thread_blocked, id=8288, stack(0x000000000c040000,0x000000000c140000)]
  0x0000000009ed3000 JavaThread "Service Thread" daemon [_thread_blocked, id=4268, stack(0x000000000b640000,0x000000000b740000)]
  0x0000000009ecb800 JavaThread "C2 CompilerThread1" daemon [_thread_blocked, id=6664, stack(0x000000000b540000,0x000000000b640000)]
  0x0000000009ec6000 JavaThread "C2 CompilerThread0" daemon [_thread_blocked, id=5272, stack(0x000000000b440000,0x000000000b540000)]
  0x0000000009ec5800 JavaThread "Attach Listener" daemon [_thread_blocked, id=4036, stack(0x000000000b340000,0x000000000b440000)]
  0x0000000009ec2800 JavaThread "Signal Dispatcher" daemon [_thread_blocked, id=8672, stack(0x000000000b240000,0x000000000b340000)]
  0x0000000009e8f000 JavaThread "Finalizer" daemon [_thread_blocked, id=5356, stack(0x000000000b140000,0x000000000b240000)]
  0x0000000009e84000 JavaThread "Reference Handler" daemon [_thread_blocked, id=5992, stack(0x000000000b040000,0x000000000b140000)]

Other Threads:
  0x0000000009e81000 VMThread [stack: 0x000000000af40000,0x000000000b040000] [id=7240]
  0x0000000009eec800 WatcherThread [stack: 0x000000000b740000,0x000000000b840000] [id=5028]

VM state:not at safepoint (normal execution)

VM Mutex/Monitor currently owned by a thread: None

Heap
 PSYoungGen      total 53248K, used 22064K [0x00000000e0400000, 0x00000000e6c00000, 0x0000000100000000)
  eden space 49152K, 36% used [0x00000000e0400000,0x00000000e158c748,0x00000000e3400000)
  from space 4096K, 99% used [0x00000000e3400000,0x00000000e37ffc40,0x00000000e3800000)
  to   space 4096K, 0% used [0x00000000e6800000,0x00000000e6800000,0x00000000e6c00000)
 ParOldGen       total 65024K, used 24396K [0x00000000a0c00000, 0x00000000a4b80000, 0x00000000e0400000)
  object space 65024K, 37% used [0x00000000a0c00000,0x00000000a23d30b0,0x00000000a4b80000)
 PSPermGen       total 29184K, used 28864K [0x000000009ba00000, 0x000000009d680000, 0x00000000a0c00000)
  object space 29184K, 98% used [0x000000009ba00000,0x000000009d6301b0,0x000000009d680000)

Card table byte_map: [0x0000000005eb0000,0x00000000061e0000] byte_map_base: 0x00000000059d3000

Polling page: 0x00000000012b0000

Code Cache  [0x0000000002df0000, 0x0000000003060000, 0x0000000005df0000)
 total_blobs=710 nmethods=176 adapters=486 free_code_cache=48226Kb largest_free_block=49350912

Compilation events (10 events):
Event: 4.014 Thread 0x0000000009ec6000  172             java.awt.LinearGradientPaintContext::fillRaster (97 bytes)
Event: 4.021 Thread 0x0000000009ec6000 nmethod 172 0x0000000002ed6a50 code [0x0000000002ed6be0, 0x0000000002ed7258]
Event: 5.698 Thread 0x0000000009ecb800  173             sun.java2d.loops.SurfaceType::getUniqueID (5 bytes)
Event: 5.699 Thread 0x0000000009ecb800 nmethod 173 0x0000000002ed6850 code [0x0000000002ed6980, 0x0000000002ed69d8]
Event: 5.704 Thread 0x0000000009ec6000  175             javax.swing.SwingUtilities::appContextGet (8 bytes)
Event: 5.706 Thread 0x0000000009ec6000 nmethod 175 0x0000000002ed93d0 code [0x0000000002ed9540, 0x0000000002ed9658]
Event: 5.708 Thread 0x0000000009ecb800  176   !         javax.swing.UIManager::getLAFState (62 bytes)
Event: 5.710 Thread 0x0000000009ecb800 nmethod 176 0x0000000002ed8f10 code [0x0000000002ed9080, 0x0000000002ed91b8]
Event: 5.858 Thread 0x0000000009ec6000  177  s          sun.java2d.loops.GraphicsPrimitiveMgr::locatePrim (96 bytes)
Event: 5.879 Thread 0x0000000009ec6000 nmethod 177 0x0000000002eddd10 code [0x0000000002eddee0, 0x0000000002edec78]

GC Heap History (6 events):
Event: 0.752 GC heap before
{Heap before GC invocations=1 (full 0):
 PSYoungGen      total 28672K, used 24576K [0x00000000e0400000, 0x00000000e2400000, 0x0000000100000000)
  eden space 24576K, 100% used [0x00000000e0400000,0x00000000e1c00000,0x00000000e1c00000)
  from space 4096K, 0% used [0x00000000e2000000,0x00000000e2000000,0x00000000e2400000)
  to   space 4096K, 0% used [0x00000000e1c00000,0x00000000e1c00000,0x00000000e2000000)
 ParOldGen       total 65024K, used 0K [0x00000000a0c00000, 0x00000000a4b80000, 0x00000000e0400000)
  object space 65024K, 0% used [0x00000000a0c00000,0x00000000a0c00000,0x00000000a4b80000)
 PSPermGen       total 21504K, used 16468K [0x000000009ba00000, 0x000000009cf00000, 0x00000000a0c00000)
  object space 21504K, 76% used [0x000000009ba00000,0x000000009ca150b0,0x000000009cf00000)
Event: 0.760 GC heap after
Heap after GC invocations=1 (full 0):
 PSYoungGen      total 28672K, used 4072K [0x00000000e0400000, 0x00000000e3c00000, 0x0000000100000000)
  eden space 24576K, 0% used [0x00000000e0400000,0x00000000e0400000,0x00000000e1c00000)
  from space 4096K, 99% used [0x00000000e1c00000,0x00000000e1ffa158,0x00000000e2000000)
  to   space 4096K, 0% used [0x00000000e3800000,0x00000000e3800000,0x00000000e3c00000)
 ParOldGen       total 65024K, used 2525K [0x00000000a0c00000, 0x00000000a4b80000, 0x00000000e0400000)
  object space 65024K, 3% used [0x00000000a0c00000,0x00000000a0e77770,0x00000000a4b80000)
 PSPermGen       total 21504K, used 16468K [0x000000009ba00000, 0x000000009cf00000, 0x00000000a0c00000)
  object space 21504K, 76% used [0x000000009ba00000,0x000000009ca150b0,0x000000009cf00000)
}
Event: 1.233 GC heap before
{Heap before GC invocations=2 (full 0):
 PSYoungGen      total 28672K, used 28648K [0x00000000e0400000, 0x00000000e3c00000, 0x0000000100000000)
  eden space 24576K, 100% used [0x00000000e0400000,0x00000000e1c00000,0x00000000e1c00000)
  from space 4096K, 99% used [0x00000000e1c00000,0x00000000e1ffa158,0x00000000e2000000)
  to   space 4096K, 0% used [0x00000000e3800000,0x00000000e3800000,0x00000000e3c00000)
 ParOldGen       total 65024K, used 2525K [0x00000000a0c00000, 0x00000000a4b80000, 0x00000000e0400000)
  object space 65024K, 3% used [0x00000000a0c00000,0x00000000a0e77770,0x00000000a4b80000)
 PSPermGen       total 21504K, used 19855K [0x000000009ba00000, 0x000000009cf00000, 0x00000000a0c00000)
  object space 21504K, 92% used [0x000000009ba00000,0x000000009cd63d00,0x000000009cf00000)
Event: 1.245 GC heap after
Heap after GC invocations=2 (full 0):
 PSYoungGen      total 53248K, used 4064K [0x00000000e0400000, 0x00000000e3c00000, 0x0000000100000000)
  eden space 49152K, 0% used [0x00000000e0400000,0x00000000e0400000,0x00000000e3400000)
  from space 4096K, 99% used [0x00000000e3800000,0x00000000e3bf8050,0x00000000e3c00000)
  to   space 4096K, 0% used [0x00000000e3400000,0x00000000e3400000,0x00000000e3800000)
 ParOldGen       total 65024K, used 6818K [0x00000000a0c00000, 0x00000000a4b80000, 0x00000000e0400000)
  object space 65024K, 10% used [0x00000000a0c00000,0x00000000a12a8a30,0x00000000a4b80000)
 PSPermGen       total 21504K, used 19855K [0x000000009ba00000, 0x000000009cf00000, 0x00000000a0c00000)
  object space 21504K, 92% used [0x000000009ba00000,0x000000009cd63d00,0x000000009cf00000)
}
Event: 1.715 GC heap before
{Heap before GC invocations=3 (full 0):
 PSYoungGen      total 53248K, used 53216K [0x00000000e0400000, 0x00000000e3c00000, 0x0000000100000000)
  eden space 49152K, 100% used [0x00000000e0400000,0x00000000e3400000,0x00000000e3400000)
  from space 4096K, 99% used [0x00000000e3800000,0x00000000e3bf8050,0x00000000e3c00000)
  to   space 4096K, 0% used [0x00000000e3400000,0x00000000e3400000,0x00000000e3800000)
 ParOldGen       total 65024K, used 6818K [0x00000000a0c00000, 0x00000000a4b80000, 0x00000000e0400000)
  object space 65024K, 10% used [0x00000000a0c00000,0x00000000a12a8a30,0x00000000a4b80000)
 PSPermGen       total 21504K, used 21135K [0x000000009ba00000, 0x000000009cf00000, 0x00000000a0c00000)
  object space 21504K, 98% used [0x000000009ba00000,0x000000009cea3da0,0x000000009cf00000)
Event: 1.734 GC heap after
Heap after GC invocations=3 (full 0):
 PSYoungGen      total 53248K, used 4095K [0x00000000e0400000, 0x00000000e6c00000, 0x0000000100000000)
  eden space 49152K, 0% used [0x00000000e0400000,0x00000000e0400000,0x00000000e3400000)
  from space 4096K, 99% used [0x00000000e3400000,0x00000000e37ffc40,0x00000000e3800000)
  to   space 4096K, 0% used [0x00000000e6800000,0x00000000e6800000,0x00000000e6c00000)
 ParOldGen       total 65024K, used 24396K [0x00000000a0c00000, 0x00000000a4b80000, 0x00000000e0400000)
  object space 65024K, 37% used [0x00000000a0c00000,0x00000000a23d30b0,0x00000000a4b80000)
 PSPermGen       total 21504K, used 21135K [0x000000009ba00000, 0x000000009cf00000, 0x00000000a0c00000)
  object space 21504K, 98% used [0x000000009ba00000,0x000000009cea3da0,0x000000009cf00000)
}

Deoptimization events (10 events):
Event: 1.751 Thread 0x0000000009e8f000 Uncommon trap: reason=unreached action=reinterpret pc=0x0000000002e9104c method=java.lang.ref.ReferenceQueue.poll()Ljava/lang/ref/Reference; @ 4
Event: 1.797 Thread 0x000000000ba1c800 Uncommon trap: reason=bimorphic action=maybe_recompile pc=0x0000000002ea2928 method=java.io.BufferedInputStream.read1([BII)I @ 39
Event: 1.797 Thread 0x000000000ba1c800 Uncommon trap: reason=bimorphic action=maybe_recompile pc=0x0000000002ea2928 method=java.io.BufferedInputStream.read1([BII)I @ 39
Event: 1.891 Thread 0x000000000ba1c800 Uncommon trap: reason=class_check action=maybe_recompile pc=0x0000000002e8d454 method=java.util.HashMap.put(Ljava/lang/Object;Ljava/lang/Object;)Ljava/lang/Object; @ 83
Event: 2.169 Thread 0x000000000ba1c800 Uncommon trap: reason=class_check action=maybe_recompile pc=0x0000000002e8d454 method=java.util.HashMap.put(Ljava/lang/Object;Ljava/lang/Object;)Ljava/lang/Object; @ 83
Event: 2.176 Thread 0x000000000ba1c800 Uncommon trap: reason=unreached action=reinterpret pc=0x0000000002e7a534 method=java.util.HashMap.get(Ljava/lang/Object;)Ljava/lang/Object; @ 1
Event: 2.390 Thread 0x000000000ba1c800 Uncommon trap: reason=class_check action=maybe_recompile pc=0x0000000002e621cc method=java.lang.String.equals(Ljava/lang/Object;)Z @ 8
Event: 2.392 Thread 0x000000000ba1c800 Uncommon trap: reason=class_check action=maybe_recompile pc=0x0000000002e621cc method=java.lang.String.equals(Ljava/lang/Object;)Z @ 8
Event: 2.446 Thread 0x000000000ba1c800 Uncommon trap: reason=class_check action=maybe_recompile pc=0x0000000002e621cc method=java.lang.String.equals(Ljava/lang/Object;)Z @ 8
Event: 2.446 Thread 0x000000000ba1c800 Uncommon trap: reason=class_check action=maybe_recompile pc=0x0000000002e621cc method=java.lang.String.equals(Ljava/lang/Object;)Z @ 8

Internal exceptions (10 events):
Event: 2.309 Thread 0x000000000ba1c800 Threw 0x00000000e103e950 at C:\jdk7u2_64p\jdk7u40\hotspot\src\share\vm\prims\jvm.cpp:1244
Event: 2.310 Thread 0x000000000ba1c800 Threw 0x00000000e1041948 at C:\jdk7u2_64p\jdk7u40\hotspot\src\share\vm\prims\jvm.cpp:1244
Event: 2.310 Thread 0x000000000ba1c800 Threw 0x00000000e1043f78 at C:\jdk7u2_64p\jdk7u40\hotspot\src\share\vm\prims\jvm.cpp:1244
Event: 2.311 Thread 0x000000000ba1c800 Threw 0x00000000e1047450 at C:\jdk7u2_64p\jdk7u40\hotspot\src\share\vm\prims\jvm.cpp:1244
Event: 2.311 Thread 0x000000000ba1c800 Threw 0x00000000e104bff8 at C:\jdk7u2_64p\jdk7u40\hotspot\src\share\vm\prims\jvm.cpp:1244
Event: 2.312 Thread 0x000000000ba1c800 Threw 0x00000000e104e930 at C:\jdk7u2_64p\jdk7u40\hotspot\src\share\vm\prims\jvm.cpp:1244
Event: 2.331 Thread 0x000000000ba1c800 Threw 0x00000000e1064d00 at C:\jdk7u2_64p\jdk7u40\hotspot\src\share\vm\prims\jvm.cpp:1244
Event: 2.332 Thread 0x000000000ba1c800 Threw 0x00000000e1066d08 at C:\jdk7u2_64p\jdk7u40\hotspot\src\share\vm\prims\jvm.cpp:1244
Event: 2.394 Thread 0x000000000ba1c800 Threw 0x00000000e11b23d0 at C:\jdk7u2_64p\jdk7u40\hotspot\src\share\vm\prims\jvm.cpp:1244
Event: 2.397 Thread 0x000000000ba1c800 Threw 0x00000000e11b70a8 at C:\jdk7u2_64p\jdk7u40\hotspot\src\share\vm\prims\jvm.cpp:1244

Events (10 events):
Event: 6.264 loading class 0x000000000b920fb0
Event: 6.265 loading class 0x000000000b920fb0 done
Event: 6.265 loading class 0x000000000b920f80
Event: 6.265 loading class 0x000000000b920f80 done
Event: 6.265 loading class 0x000000000b9210f0
Event: 6.265 loading class 0x000000000b900090
Event: 6.265 loading class 0x000000000b900090 done
Event: 6.265 loading class 0x000000000cffc6c0
Event: 6.265 loading class 0x000000000cffc6c0 done
Event: 6.265 loading class 0x000000000b9210f0 done


Dynamic libraries:
0x000007f7f7a50000 - 0x000007f7f7a83000 	C:\Program Files\Java\jdk1.7.0_40\bin\java.exe
0x000007fc2d810000 - 0x000007fc2d9d0000 	C:\Windows\SYSTEM32\ntdll.dll
0x000007fc2d6d0000 - 0x000007fc2d806000 	C:\Windows\system32\KERNEL32.DLL
0x000007fc2aa70000 - 0x000007fc2ab63000 	C:\Windows\system32\KERNELBASE.dll
0x000007fc2d260000 - 0x000007fc2d33e000 	C:\Windows\system32\ADVAPI32.dll
0x000007fc2adb0000 - 0x000007fc2aefc000 	C:\Windows\system32\USER32.dll
0x000007fc28360000 - 0x000007fc285ca000 	C:\Windows\WinSxS\amd64_microsoft.windows.common-controls_6595b64144ccf1df_6.0.9200.16579_none_418ab7ef718b27ef\COMCTL32.dll
0x000007fc2c890000 - 0x000007fc2c935000 	C:\Windows\system32\msvcrt.dll
0x000007fc2ad60000 - 0x000007fc2ada8000 	C:\Windows\SYSTEM32\sechost.dll
0x000007fc2c940000 - 0x000007fc2ca85000 	C:\Windows\system32\RPCRT4.dll
0x000007fc2d3f0000 - 0x000007fc2d531000 	C:\Windows\system32\GDI32.dll
0x000007fc2cc90000 - 0x000007fc2ccc9000 	C:\Windows\system32\IMM32.DLL
0x000007fc2c200000 - 0x000007fc2c316000 	C:\Windows\system32\MSCTF.dll
0x000000005c930000 - 0x000000005ca01000 	C:\Program Files\Java\jdk1.7.0_40\jre\bin\msvcr100.dll
0x000000005aed0000 - 0x000000005b699000 	C:\Program Files\Java\jdk1.7.0_40\jre\bin\server\jvm.dll
0x000007fc23200000 - 0x000007fc23209000 	C:\Windows\SYSTEM32\WSOCK32.dll
0x000007fc27cb0000 - 0x000007fc27cd0000 	C:\Windows\SYSTEM32\WINMM.dll
0x000007fc2d6c0000 - 0x000007fc2d6c7000 	C:\Windows\system32\PSAPI.DLL
0x000007fc2c320000 - 0x000007fc2c378000 	C:\Windows\system32\WS2_32.dll
0x000007fc27c70000 - 0x000007fc27ca3000 	C:\Windows\SYSTEM32\WINMMBASE.dll
0x000007fc2c6e0000 - 0x000007fc2c6e9000 	C:\Windows\system32\NSI.dll
0x000007fc2a790000 - 0x000007fc2a7df000 	C:\Windows\SYSTEM32\cfgmgr32.dll
0x000007fc2abd0000 - 0x000007fc2abf2000 	C:\Windows\system32\DEVOBJ.dll
0x000000005c8e0000 - 0x000000005c8ef000 	C:\Program Files\Java\jdk1.7.0_40\jre\bin\verify.dll
0x000000005c8b0000 - 0x000000005c8d8000 	C:\Program Files\Java\jdk1.7.0_40\jre\bin\java.dll
0x000000005c890000 - 0x000000005c8a5000 	C:\Program Files\Java\jdk1.7.0_40\jre\bin\zip.dll
0x000000005ad30000 - 0x000000005aec5000 	C:\Program Files\Java\jdk1.7.0_40\jre\bin\awt.dll
0x000007fc2c610000 - 0x000007fc2c6d3000 	C:\Windows\system32\OLEAUT32.dll
0x000007fc2cae0000 - 0x000007fc2cc90000 	C:\Windows\system32\combase.dll
0x000007fc24380000 - 0x000007fc2441f000 	C:\Windows\system32\apphelp.dll
0x000007fc29590000 - 0x000007fc29676000 	C:\Windows\system32\uxtheme.dll
0x000007fc28c60000 - 0x000007fc28c81000 	C:\Windows\SYSTEM32\dwmapi.dll
0x000007fc2d540000 - 0x000007fc2d6be000 	C:\Windows\system32\ole32.dll
0x000007fc2a500000 - 0x000007fc2a50a000 	C:\Windows\SYSTEM32\CRYPTBASE.dll
0x000007fc2a4a0000 - 0x000007fc2a4fc000 	C:\Windows\SYSTEM32\bcryptPrimitives.dll
0x000007fc2af00000 - 0x000007fc2c1df000 	C:\Windows\system32\SHELL32.dll
0x000007fc2ca90000 - 0x000007fc2cae0000 	C:\Windows\system32\SHLWAPI.dll
0x000007fc28e50000 - 0x000007fc28ee5000 	C:\Windows\SYSTEM32\shcore.dll
0x000000005acf0000 - 0x000000005ad2f000 	C:\Program Files\Java\jdk1.7.0_40\jre\bin\fontmanager.dll
0x000000005c870000 - 0x000000005c889000 	C:\Program Files\Java\jdk1.7.0_40\jre\bin\net.dll
0x000007fc29f10000 - 0x000007fc29f6c000 	C:\Windows\system32\mswsock.dll
0x000000005b6f0000 - 0x000000005b701000 	C:\Program Files\Java\jdk1.7.0_40\jre\bin\nio.dll
0x000000005ac40000 - 0x000000005ac64000 	C:\Program Files\Java\jdk1.7.0_40\jre\bin\sunec.dll
0x000007fc23ad0000 - 0x000007fc23ae4000 	C:\Windows\system32\napinsp.dll
0x000007fc23450000 - 0x000007fc23468000 	C:\Windows\system32\pnrpnsp.dll
0x000007fc28120000 - 0x000007fc28136000 	C:\Windows\system32\NLAapi.dll
0x000007fc29d50000 - 0x000007fc29de8000 	C:\Windows\SYSTEM32\DNSAPI.dll
0x000007fc22660000 - 0x000007fc22672000 	C:\Windows\System32\winrnr.dll
0x000007fc1bd70000 - 0x000007fc1bd78000 	C:\Windows\System32\rasadhlp.dll
0x000007fc254b0000 - 0x000007fc254da000 	C:\Windows\SYSTEM32\IPHLPAPI.DLL
0x000007fc25490000 - 0x000007fc2549a000 	C:\Windows\SYSTEM32\WINNSI.DLL
0x000007fc25150000 - 0x000007fc251b1000 	C:\Windows\System32\fwpuclnt.dll
0x000000005aca0000 - 0x000000005ace1000 	C:\Program Files\Java\jdk1.7.0_40\jre\bin\t2k.dll
0x000007fc2d340000 - 0x000007fc2d3d6000 	C:\Windows\SYSTEM32\clbcatq.dll
0x000007fc28810000 - 0x000007fc289a3000 	C:\Windows\SYSTEM32\WindowsCodecs.dll
0x000007fc2a6c0000 - 0x000007fc2a6d5000 	C:\Windows\SYSTEM32\profapi.dll
0x0000000180000000 - 0x0000000180008000 	C:\Windows\System32\ftrJavaScanAPI.dll
0x000007fc1e750000 - 0x000007fc1e81b000 	C:\Windows\SYSTEM32\ftrScanAPI.dll
0x000000005c7a0000 - 0x000000005c869000 	C:\Windows\WinSxS\amd64_microsoft.vc80.crt_1fc8b3b9a1e18e3b_8.0.50727.6910_none_88dc8c812fb1ba3f\MSVCR80.dll
0x000007fc2cd40000 - 0x000007fc2cf10000 	C:\Windows\system32\SETUPAPI.dll
0x000000005ac70000 - 0x000000005ac9a000 	C:\Program Files\Java\jdk1.7.0_40\jre\bin\dcpr.dll
0x000007fc2a5d0000 - 0x000007fc2a5e1000 	C:\Windows\SYSTEM32\Wtsapi32.dll
0x000007fc2a5f0000 - 0x000007fc2a63e000 	C:\Windows\SYSTEM32\WINSTA.dll
0x000007fc2ab70000 - 0x000007fc2abc5000 	C:\Windows\system32\WINTRUST.dll
0x000007fc2a890000 - 0x000007fc2aa61000 	C:\Windows\system32\CRYPT32.dll
0x000007fc2a770000 - 0x000007fc2a786000 	C:\Windows\system32\MSASN1.dll
0x000007fc23470000 - 0x000007fc235d3000 	C:\Windows\SYSTEM32\dbghelp.dll

VM Arguments:
jvm_args: -Dfile.encoding=UTF-8 
java_command: GUI.fingerprint
Launcher Type: SUN_STANDARD

Environment Variables:
CLASSPATH=.;C:\PROGRA~2\Griaule\FINGER~1\bin\GRFING~1.JAR
PATH=C:\Windows\System32;C:\Program Files (x86)\Neurotechnology\FFV SDK\bin;C:\Program Files (x86)\Neurotechnology\FFV SDK\bin\FPSmm;C:\Program Files (x86)\Neurotechnology\FreeFingerprintVerificationSDK 1.0\bin\Win32_x86;C:\PROGRA~2\Griaule\FINGER~1\bin;C:\fingerprint
USERNAME=Yepson
OS=Windows_NT
PROCESSOR_IDENTIFIER=Intel64 Family 6 Model 42 Stepping 7, GenuineIntel



---------------  S Y S T E M  ---------------

OS: Windows 8 , 64 bit Build 9200 

CPU:total 4 (2 cores per cpu, 2 threads per core) family 6 model 42 stepping 7, cmov, cx8, fxsr, mmx, sse, sse2, sse3, ssse3, sse4.1, sse4.2, popcnt, avx, aes, ht, tsc, tscinvbit

Memory: 4k page, physical 6238060k(2847352k free), swap 12529516k(7994564k free)

vm_info: Java HotSpot(TM) 64-Bit Server VM (24.0-b56) for windows-amd64 JRE (1.7.0_40-b43), built on Aug 26 2013 22:38:32 by "java_re" with unknown MS VC++:1600

time: Sun Apr 13 00:28:22 2014
elapsed time: 8 seconds

